<?xml version="1.0" encoding="UTF-8"?>
<!-- Generated by org.testng.reporters.JUnitReportReporter -->
<testsuite hostname="LAPTOP-OPBI3INP" failures="0" tests="2" name="fita.test.test001" time="14.238" errors="0" timestamp="2024-08-23T09:17:25 IST" skipped="0">
  <testcase classname="fita.test.test001" name="OpenURL" time="8.038"/>
  <system-out/>
  <testcase classname="fita.test.test001" name="addproduct" time="6.200"/>
  <system-out/>
</testsuite> <!-- fita.test.test001 -->
